<?xml version="1.0" encoding="UTF-8"?>
<!-- Generated by org.testng.reporters.JUnitXMLReporter -->
<testsuite hostname="SAURMUKH-5UJN2" ignored="0" tests="4" failures="0" timestamp="03 Nov 2018 13:42:33 GMT" time="155.986" errors="0">
  <testcase name="test" time="41.635" classname="TestPOM_TestNG"/>
  <testcase name="test2" time="41.344" classname="TestPOM_TestNG2"/>
  <testcase name="test3" time="32.278" classname="TestPOM_TestNG2"/>
  <testcase name="test4" time="33.184" classname="TestPOM_TestNG2"/>
</testsuite>
