<?xml version="1.0" encoding="UTF-8"?>
<testng-results skipped="0" failed="0" ignored="0" total="1" passed="1">
  <reporter-output>
  </reporter-output>
  <suite name="Default suite" duration-ms="43774" started-at="2018-11-03T19:01:33Z" finished-at="2018-11-03T19:02:17Z">
    <groups>
    </groups>
    <test name="Default test" duration-ms="43774" started-at="2018-11-03T19:01:33Z" finished-at="2018-11-03T19:02:17Z">
      <class name="TestPOM_TestNG">
        <test-method status="PASS" signature="setUp()[pri:0, instance:TestPOM_TestNG@47c62251]" name="setUp" is-config="true" duration-ms="3702" started-at="2018-11-03T19:01:33Z" finished-at="2018-11-03T19:01:36Z">
          <reporter-output>
          </reporter-output>
        </test-method> <!-- setUp -->
        <test-method status="PASS" signature="test()[pri:0, instance:TestPOM_TestNG@47c62251]" name="test" duration-ms="38701" started-at="2018-11-03T19:01:36Z" finished-at="2018-11-03T19:02:15Z">
          <reporter-output>
          </reporter-output>
        </test-method> <!-- test -->
        <test-method status="PASS" signature="tearDown()[pri:0, instance:TestPOM_TestNG@47c62251]" name="tearDown" is-config="true" duration-ms="1343" started-at="2018-11-03T19:02:15Z" finished-at="2018-11-03T19:02:17Z">
          <reporter-output>
          </reporter-output>
        </test-method> <!-- tearDown -->
      </class> <!-- TestPOM_TestNG -->
    </test> <!-- Default test -->
  </suite> <!-- Default suite -->
</testng-results>
